2025-11-22 05:52:18 - script:classify - INFO - 
Input Prompt: hi
2025-11-22 05:52:19 - script:classify - INFO - Raw classifier output ---
2025-11-22 05:52:19 - script:classify - INFO - Labels: ['The user is having casual chitchat or greeting.', 'The user is asking for help debugging an error.', 'The user wants translation to another language.', 'The user wants a summary of text.', 'The user wants creative writing or storytelling.', 'The user wants factual general knowledge.', 'The user wants data analysis or statistics.', 'The user is asking about programming or code.', 'The user is planning a trip, schedule or time.', 'The user is asking medical or legal questions.']
2025-11-22 05:52:19 - script:classify - INFO - Scores: [0.812054455280304, 0.5454007983207703, 0.5260396599769592, 0.51859050989151, 0.32295385003089905, 0.31253933906555176, 0.3011482357978821, 0.2765345871448517, 0.18501248955726624, 0.1468961387872696]
2025-11-22 05:52:19 - script:classify - INFO - Latency: 1.327 seconds
2025-11-22 05:52:19 - script:classify - INFO - Top score: 0.812, Second score: 0.545, Delta: 0.267
2025-11-22 05:52:19 - script:classify - INFO - === Step: Merging settings from filtered labels ===
2025-11-22 05:52:19 - script:classify - INFO - Filtered labels: ['The user is having casual chitchat or greeting.']
2025-11-22 05:52:19 - script:classify - INFO - Scores: [0.812054455280304]
2025-11-22 05:52:19 - script:classify - INFO - Category keys: ['ChitChat']
2025-11-22 05:52:19 - script:classify - INFO - === Final merged settings ===
2025-11-22 05:52:19 - script:classify - INFO - {'temperature': 0.6, 'reasoning_effort': 'minimal', 'web': 'disabled', 'verbosity': 'verbose'}
2025-11-22 12:05:01 - script:classify - INFO - 
Input Prompt: hi
2025-11-22 12:05:02 - script:classify - INFO - Raw classifier output ---
2025-11-22 12:05:02 - script:classify - INFO - Labels: ['The user is having casual chitchat or greeting.', 'The user is asking for help debugging an error.', 'The user wants translation to another language.', 'The user wants a summary of text.', 'The user wants creative writing or storytelling.', 'The user wants factual general knowledge.', 'The user wants data analysis or statistics.', 'The user is asking about programming or code.', 'The user is planning a trip, schedule or time.', 'The user is asking medical or legal questions.']
2025-11-22 12:05:02 - script:classify - INFO - Scores: [0.812054455280304, 0.5454007983207703, 0.5260396599769592, 0.51859050989151, 0.32295385003089905, 0.31253933906555176, 0.3011482357978821, 0.2765345871448517, 0.18501248955726624, 0.1468961387872696]
2025-11-22 12:05:02 - script:classify - INFO - Latency: 0.988 seconds
2025-11-22 12:05:02 - script:classify - INFO - Top score: 0.812, Second score: 0.545, Delta: 0.267
2025-11-22 12:05:02 - script:classify - INFO - Dominant category selected: The user is having casual chitchat or greeting. (0.812)
2025-11-22 12:05:02 - script:classify - INFO - === Step: Merging settings from filtered labels ===
2025-11-22 12:05:02 - script:classify - INFO - Filtered labels: ['The user is having casual chitchat or greeting.']
2025-11-22 12:05:02 - script:classify - INFO - Scores: [0.812054455280304]
2025-11-22 12:05:02 - script:classify - INFO - Category keys: ['ChitChat']
2025-11-22 12:05:02 - script:classify - INFO - === Final merged settings ===
2025-11-22 12:05:02 - script:classify - INFO - {'temperature': 0.6, 'reasoning_effort': 'minimal', 'web': 'disabled', 'verbosity': 'verbose'}
2025-11-22 12:05:02 - script:classify - INFO - Latency: 0.988s, Average latency so far: 1.214s
2025-11-22 12:05:23 - script:classify - INFO - 
Input Prompt: how to write class in c?
2025-11-22 12:05:25 - script:classify - INFO - Raw classifier output ---
2025-11-22 12:05:25 - script:classify - INFO - Labels: ['The user is asking about programming or code.', 'The user wants creative writing or storytelling.', 'The user is asking for help debugging an error.', 'The user wants factual general knowledge.', 'The user wants translation to another language.', 'The user wants data analysis or statistics.', 'The user is asking medical or legal questions.', 'The user wants a summary of text.', 'The user is having casual chitchat or greeting.', 'The user is planning a trip, schedule or time.']
2025-11-22 12:05:25 - script:classify - INFO - Scores: [0.9715879559516907, 0.456353098154068, 0.02843600884079933, 0.02522428147494793, 0.02289089933037758, 0.0020222312305122614, 0.0016805510967969894, 0.000995356822386384, 0.0005625167395919561, 0.00020374676387291402]
2025-11-22 12:05:25 - script:classify - INFO - Latency: 1.185 seconds
2025-11-22 12:05:25 - script:classify - INFO - Top score: 0.972, Second score: 0.456, Delta: 0.515
2025-11-22 12:05:25 - script:classify - INFO - Dominant category selected: The user is asking about programming or code. (0.972)
2025-11-22 12:05:25 - script:classify - INFO - === Step: Merging settings from filtered labels ===
2025-11-22 12:05:25 - script:classify - INFO - Filtered labels: ['The user is asking about programming or code.']
2025-11-22 12:05:25 - script:classify - INFO - Scores: [0.9715879559516907]
2025-11-22 12:05:25 - script:classify - INFO - Category keys: ['Coding']
2025-11-22 12:05:25 - script:classify - INFO - === Final merged settings ===
2025-11-22 12:05:25 - script:classify - INFO - {'temperature': 0.1, 'reasoning_effort': 'high', 'web': 'disabled', 'verbosity': 'concise'}
2025-11-22 12:05:25 - script:classify - INFO - Latency: 1.185s, Average latency so far: 1.210s
2025-11-22 12:05:39 - script:classify - INFO - 
Input Prompt: help me write blog post about summer

2025-11-22 12:05:40 - script:classify - INFO - Raw classifier output ---
2025-11-22 12:05:40 - script:classify - INFO - Labels: ['The user wants factual general knowledge.', 'The user wants creative writing or storytelling.', 'The user is planning a trip, schedule or time.', 'The user is asking about programming or code.', 'The user wants a summary of text.', 'The user is having casual chitchat or greeting.', 'The user wants translation to another language.', 'The user is asking for help debugging an error.', 'The user wants data analysis or statistics.', 'The user is asking medical or legal questions.']
2025-11-22 12:05:40 - script:classify - INFO - Scores: [0.9317499995231628, 0.9142637252807617, 0.4900357723236084, 0.3100096881389618, 0.16131484508514404, 0.09887922555208206, 0.050761107355356216, 0.023749317973852158, 0.013881008140742779, 0.004779798910021782]
2025-11-22 12:05:40 - script:classify - INFO - Latency: 1.194 seconds
2025-11-22 12:05:40 - script:classify - INFO - Top score: 0.932, Second score: 0.914, Delta: 0.017
2025-11-22 12:05:40 - script:classify - INFO - Dynamic threshold for inclusion: 0.745
2025-11-22 12:05:40 - script:classify - INFO - Selected by relative threshold: The user wants factual general knowledge. (0.932)
2025-11-22 12:05:40 - script:classify - INFO - Selected by relative threshold: The user wants creative writing or storytelling. (0.914)
2025-11-22 12:05:40 - script:classify - INFO - === Step: Merging settings from filtered labels ===
2025-11-22 12:05:40 - script:classify - INFO - Filtered labels: ['The user wants factual general knowledge.', 'The user wants creative writing or storytelling.']
2025-11-22 12:05:40 - script:classify - INFO - Scores: [0.9317499995231628, 0.9142637252807617]
2025-11-22 12:05:40 - script:classify - INFO - Category keys: ['Factual_QA', 'Creative_Writing']
2025-11-22 12:05:40 - script:classify - INFO - === Final merged settings ===
2025-11-22 12:05:40 - script:classify - INFO - {'temperature': 0.2, 'reasoning_effort': 'medium', 'web': 'mandatory', 'verbosity': 'verbose'}
2025-11-22 12:05:40 - script:classify - INFO - Latency: 1.194s, Average latency so far: 1.208s
2025-11-22 12:06:00 - script:classify - INFO - 
Input Prompt: help me write blog post about summer

2025-11-22 12:06:01 - script:classify - INFO - Raw classifier output ---
2025-11-22 12:06:01 - script:classify - INFO - Labels: ['The user wants factual general knowledge.', 'The user wants creative writing or storytelling.', 'The user is planning a trip, schedule or time.', 'The user is asking about programming or code.', 'The user wants a summary of text.', 'The user is having casual chitchat or greeting.', 'The user wants translation to another language.', 'The user is asking for help debugging an error.', 'The user wants data analysis or statistics.', 'The user is asking medical or legal questions.']
2025-11-22 12:06:01 - script:classify - INFO - Scores: [0.9317499995231628, 0.9142637252807617, 0.4900357723236084, 0.3100096881389618, 0.16131484508514404, 0.09887922555208206, 0.050761107355356216, 0.023749317973852158, 0.013881008140742779, 0.004779798910021782]
2025-11-22 12:06:01 - script:classify - INFO - Latency: 1.139 seconds
2025-11-22 12:06:01 - script:classify - INFO - Top score: 0.932, Second score: 0.914, Delta: 0.017
2025-11-22 12:06:01 - script:classify - INFO - Dynamic threshold for inclusion: 0.745
2025-11-22 12:06:01 - script:classify - INFO - Selected by relative threshold: The user wants factual general knowledge. (0.932)
2025-11-22 12:06:01 - script:classify - INFO - Selected by relative threshold: The user wants creative writing or storytelling. (0.914)
2025-11-22 12:06:01 - script:classify - INFO - === Step: Merging settings from filtered labels ===
2025-11-22 12:06:01 - script:classify - INFO - Filtered labels: ['The user wants factual general knowledge.', 'The user wants creative writing or storytelling.']
2025-11-22 12:06:01 - script:classify - INFO - Scores: [0.9317499995231628, 0.9142637252807617]
2025-11-22 12:06:01 - script:classify - INFO - Category keys: ['Factual_QA', 'Creative_Writing']
2025-11-22 12:06:01 - script:classify - INFO - === Final merged settings ===
2025-11-22 12:06:01 - script:classify - INFO - {'temperature': 0.2, 'reasoning_effort': 'medium', 'web': 'mandatory', 'verbosity': 'verbose'}
2025-11-22 12:06:01 - script:classify - INFO - Latency: 1.139s, Average latency so far: 1.201s
2025-11-22 12:07:24 - script:classify - INFO - 
Input Prompt: what pills should i take for headache?
2025-11-22 12:07:25 - script:classify - INFO - Raw classifier output ---
2025-11-22 12:07:25 - script:classify - INFO - Labels: ['The user is asking medical or legal questions.', 'The user wants factual general knowledge.', 'The user is asking for help debugging an error.', 'The user is having casual chitchat or greeting.', 'The user wants a summary of text.', 'The user wants translation to another language.', 'The user is asking about programming or code.', 'The user is planning a trip, schedule or time.', 'The user wants data analysis or statistics.', 'The user wants creative writing or storytelling.']
2025-11-22 12:07:25 - script:classify - INFO - Scores: [0.9357877373695374, 0.674537718296051, 0.0032938679214566946, 0.002835380146279931, 0.0010602803668007255, 0.00047985833953134716, 0.00014383019879460335, 0.0001341026945738122, 0.00012451928341761231, 7.392939733108506e-05]
2025-11-22 12:07:25 - script:classify - INFO - Latency: 1.110 seconds
2025-11-22 12:07:25 - script:classify - INFO - Top score: 0.936, Second score: 0.675, Delta: 0.261
2025-11-22 12:07:25 - script:classify - INFO - Dominant category selected: The user is asking medical or legal questions. (0.936)
2025-11-22 12:07:25 - script:classify - INFO - === Step: Merging settings from filtered labels ===
2025-11-22 12:07:25 - script:classify - INFO - Filtered labels: ['The user is asking medical or legal questions.']
2025-11-22 12:07:25 - script:classify - INFO - Scores: [0.9357877373695374]
2025-11-22 12:07:25 - script:classify - INFO - Category keys: ['Sensitive_Medical_Legal']
2025-11-22 12:07:25 - script:classify - INFO - === Final merged settings ===
2025-11-22 12:07:25 - script:classify - INFO - {'temperature': 0.05, 'reasoning_effort': 'maximal', 'web': 'disabled', 'verbosity': 'concise'}
2025-11-22 12:07:25 - script:classify - INFO - Latency: 1.110s, Average latency so far: 1.193s
